<?xml version="1.0" encoding="UTF-8"?>
<testng-results skipped="0" failed="0" ignored="0" total="1" passed="1">
  <reporter-output>
  </reporter-output>
  <suite name="Default suite" duration-ms="39609" started-at="2021-04-24T23:56:00 CDT" finished-at="2021-04-24T23:56:39 CDT">
    <groups>
    </groups>
    <test name="Default test" duration-ms="39609" started-at="2021-04-24T23:56:00 CDT" finished-at="2021-04-24T23:56:39 CDT">
      <class name="test.loginTest">
        <test-method status="PASS" signature="userLogInScenario()[pri:0, instance:test.loginTest@327514f]" name="userLogInScenario" duration-ms="39550" started-at="2021-04-24T23:56:00 CDT" finished-at="2021-04-24T23:56:39 CDT">
          <reporter-output>
          </reporter-output>
        </test-method> <!-- userLogInScenario -->
      </class> <!-- test.loginTest -->
    </test> <!-- Default test -->
  </suite> <!-- Default suite -->
</testng-results>
